#
# There is insufficient memory for the Java Runtime Environment to continue.
# Native memory allocation (mmap) failed to map 536870912 bytes for G1 virtual space
# Possible reasons:
#   The system is out of physical RAM or swap space
#   The process is running with CompressedOops enabled, and the Java Heap may be blocking the growth of the native heap
# Possible solutions:
#   Reduce memory load on the system
#   Increase physical memory or swap space
#   Check if swap backing store is full
#   Decrease Java heap size (-Xmx/-Xms)
#   Decrease number of Java threads
#   Decrease Java thread stack sizes (-Xss)
#   Set larger code cache with -XX:ReservedCodeCacheSize=
#   JVM is running with Zero Based Compressed Oops mode in which the Java heap is
#     placed in the first 32GB address space. The Java Heap base address is the
#     maximum limit for the native heap growth. Please use -XX:HeapBaseMinAddress
#     to set the Java Heap base and to place the Java Heap above 32GB virtual address.
# This output file may be truncated or incomplete.
#
#  Out of Memory Error (os_windows.cpp:3527), pid=11004, tid=17832
#
# JRE version:  (19.0.1+10) (build )
# Java VM: Java HotSpot(TM) 64-Bit Server VM (19.0.1+10-21, mixed mode, sharing, tiered, compressed oops, compressed class ptrs, g1 gc, windows-amd64)
# No core dump will be written. Minidumps are not enabled by default on client versions of Windows
#

---------------  S U M M A R Y ------------

Command Line: 

Host: AMD Ryzen 5 3600 6-Core Processor              , 12 cores, 31G,  Windows 11 , 64 bit Build 22621 (10.0.22621.1635)
Time: Mon May 29 16:37:08 2023 Eastern Daylight Time elapsed time: 0.120677 seconds (0d 0h 0m 0s)

---------------  T H R E A D  ---------------

Current thread (0x0000027ec96a1920):  JavaThread "Unknown thread" [_thread_in_vm, id=17832, stack(0x0000009338000000,0x0000009338100000)]

Stack: [0x0000009338000000,0x0000009338100000]
Native frames: (J=compiled Java code, j=interpreted, Vv=VM code, C=native code)
V  [jvm.dll+0x6ee8fa]
V  [jvm.dll+0x857a1e]
V  [jvm.dll+0x85940e]
V  [jvm.dll+0x859ac3]
V  [jvm.dll+0x28291f]
V  [jvm.dll+0x6eb6e9]
V  [jvm.dll+0x6e028a]
V  [jvm.dll+0x357136]
V  [jvm.dll+0x35eb96]
V  [jvm.dll+0x3b555e]
V  [jvm.dll+0x3b578f]
V  [jvm.dll+0x32c6ea]
V  [jvm.dll+0x32d59e]
V  [jvm.dll+0x821b20]
V  [jvm.dll+0x3c27c1]
V  [jvm.dll+0x8022f1]
V  [jvm.dll+0x44b30f]
V  [jvm.dll+0x44cc91]
C  [jli.dll+0x5287]
C  [ucrtbase.dll+0x29363]
C  [KERNEL32.DLL+0x126ad]
C  [ntdll.dll+0x5a9f8]


---------------  P R O C E S S  ---------------

Threads class SMR info:
_java_thread_list=0x00007fff1a2ad048, length=0, elements={
}

Java Threads: ( => current thread )

Other Threads:
  0x0000027ec9753600 WorkerThread "GC Thread#0" [stack: 0x0000009338100000,0x0000009338200000] [id=4136]
  0x0000027ef3ac8040 ConcurrentGCThread "G1 Main Marker" [stack: 0x0000009338200000,0x0000009338300000] [id=5968]
  0x0000027ef3ac8a70 WorkerThread "G1 Conc#0" [stack: 0x0000009338300000,0x0000009338400000] [id=4124]

[error occurred during error reporting (printing all threads), id 0xc0000005, EXCEPTION_ACCESS_VIOLATION (0xc0000005) at pc=0x00007fff19a6d127]

VM state: not at safepoint (not fully initialized)

VM Mutex/Monitor currently owned by a thread:  ([mutex/lock_event])
[0x0000027ec969c290] Heap_lock - owner thread: 0x0000027ec96a1920

Heap address: 0x0000000601400000, size: 8172 MB, Compressed Oops mode: Zero based, Oop shift amount: 3

CDS archive(s) mapped at: [0x0000000000000000-0x0000000000000000-0x0000000000000000), size 0, SharedBaseAddress: 0x0000000800000000, ArchiveRelocationMode: 0.
Narrow klass base: 0x0000000000000000, Narrow klass shift: 0, Narrow klass range: 0x0

GC Precious Log:
 CardTable entry size: 512
 Card Set container configuration: InlinePtr #cards 4 size 8 Array Of Cards #cards 32 size 80 Howl #buckets 8 coarsen threshold 7372 Howl Bitmap #cards 1024 size 144 coarsen threshold 921 Card regions per heap region 1 cards per card region 8192

Heap:
 garbage-first heap   total 0K, used 0K [0x0000000601400000, 0x0000000800000000)
  region size 4096K, 0 young (0K), 0 survivors (0K)

[error occurred during error reporting (printing heap information), id 0xc0000005, EXCEPTION_ACCESS_VIOLATION (0xc0000005) at pc=0x00007fff19e76959]

GC Heap History (0 events):
No events

Dll operation events (1 events):
Event: 0.027 Loaded shared library C:\Program Files\Java\jdk-19\bin\java.dll

Deoptimization events (0 events):
No events

Classes loaded (0 events):
No events

Classes unloaded (0 events):
No events

Classes redefined (0 events):
No events

Internal exceptions (0 events):
No events

VM Operations (0 events):
No events

Events (0 events):
No events


Dynamic libraries:
0x00007ff784930000 - 0x00007ff784940000 	C:\Program Files\Java\jdk-19\bin\java.exe
0x00007fff65170000 - 0x00007fff65384000 	C:\WINDOWS\SYSTEM32\ntdll.dll
0x00007fff21160000 - 0x00007fff21179000 	C:\Program Files\Avast Software\Avast\aswhook.dll
0x00007fff64070000 - 0x00007fff64132000 	C:\WINDOWS\System32\KERNEL32.DLL
0x00007fff62660000 - 0x00007fff62a03000 	C:\WINDOWS\System32\KERNELBASE.dll
0x00007fff62d20000 - 0x00007fff62e31000 	C:\WINDOWS\System32\ucrtbase.dll
0x00007fff4baa0000 - 0x00007fff4bab8000 	C:\Program Files\Java\jdk-19\bin\jli.dll
0x00007fff64630000 - 0x00007fff646de000 	C:\WINDOWS\System32\ADVAPI32.dll
0x00007fff64d60000 - 0x00007fff64e07000 	C:\WINDOWS\System32\msvcrt.dll
0x00007fff64c30000 - 0x00007fff64cd4000 	C:\WINDOWS\System32\sechost.dll
0x00007fff4ba80000 - 0x00007fff4ba9b000 	C:\Program Files\Java\jdk-19\bin\VCRUNTIME140.dll
0x00007fff64290000 - 0x00007fff643a7000 	C:\WINDOWS\System32\RPCRT4.dll
0x00007fff62f80000 - 0x00007fff6312b000 	C:\WINDOWS\System32\USER32.dll
0x00007fff62590000 - 0x00007fff625b6000 	C:\WINDOWS\System32\win32u.dll
0x00007fff55170000 - 0x00007fff553fe000 	C:\WINDOWS\WinSxS\amd64_microsoft.windows.common-controls_6595b64144ccf1df_6.0.22621.1635_none_270f70857386168e\COMCTL32.dll
0x00007fff64000000 - 0x00007fff64029000 	C:\WINDOWS\System32\GDI32.dll
0x00007fff62c00000 - 0x00007fff62d18000 	C:\WINDOWS\System32\gdi32full.dll
0x00007fff625c0000 - 0x00007fff6265a000 	C:\WINDOWS\System32\msvcp_win.dll
0x00007fff59c40000 - 0x00007fff59c4a000 	C:\WINDOWS\SYSTEM32\VERSION.dll
0x00007fff64030000 - 0x00007fff64061000 	C:\WINDOWS\System32\IMM32.DLL
0x00007fff4ba70000 - 0x00007fff4ba7c000 	C:\Program Files\Java\jdk-19\bin\vcruntime140_1.dll
0x00007fff3c150000 - 0x00007fff3c1de000 	C:\Program Files\Java\jdk-19\bin\msvcp140.dll
0x00007fff19730000 - 0x00007fff1a3f0000 	C:\Program Files\Java\jdk-19\bin\server\jvm.dll
0x00007fff43bd0000 - 0x00007fff43bd9000 	C:\WINDOWS\SYSTEM32\WSOCK32.dll
0x00007fff57980000 - 0x00007fff579b4000 	C:\WINDOWS\SYSTEM32\WINMM.dll
0x00007fff64ce0000 - 0x00007fff64d51000 	C:\WINDOWS\System32\WS2_32.dll
0x00007fff616d0000 - 0x00007fff616e8000 	C:\WINDOWS\SYSTEM32\kernel.appcore.dll
0x00007fff4ba60000 - 0x00007fff4ba6a000 	C:\Program Files\Java\jdk-19\bin\jimage.dll
0x00007fff58490000 - 0x00007fff586be000 	C:\WINDOWS\SYSTEM32\DBGHELP.DLL
0x00007fff648a0000 - 0x00007fff64c29000 	C:\WINDOWS\System32\combase.dll
0x00007fff64550000 - 0x00007fff64627000 	C:\WINDOWS\System32\OLEAUT32.dll
0x00007fff524f0000 - 0x00007fff52522000 	C:\WINDOWS\SYSTEM32\dbgcore.DLL
0x00007fff62a10000 - 0x00007fff62a8b000 	C:\WINDOWS\System32\bcryptPrimitives.dll
0x00007fff4ba30000 - 0x00007fff4ba56000 	C:\Program Files\Java\jdk-19\bin\java.dll

dbghelp: loaded successfully - version: 4.0.5 - missing functions: none
symbol engine: initialized successfully - sym options: 0x614 - pdb path: .;C:\Program Files\Java\jdk-19\bin;C:\WINDOWS\SYSTEM32;C:\Program Files\Avast Software\Avast;C:\WINDOWS\WinSxS\amd64_microsoft.windows.common-controls_6595b64144ccf1df_6.0.22621.1635_none_270f70857386168e;C:\Program Files\Java\jdk-19\bin\server

VM Arguments:
java_command: <unknown>
java_class_path (initial): <not set>
Launcher Type: SUN_STANDARD

[Global flags]
     intx CICompilerCount                          = 4                                         {product} {ergonomic}
     uint ConcGCThreads                            = 3                                         {product} {ergonomic}
     uint G1ConcRefinementThreads                  = 10                                        {product} {ergonomic}
   size_t G1HeapRegionSize                         = 4194304                                   {product} {ergonomic}
    uintx GCDrainStackTargetSize                   = 64                                        {product} {ergonomic}
   size_t InitialHeapSize                          = 536870912                                 {product} {ergonomic}
   size_t MarkStackSize                            = 4194304                                   {product} {ergonomic}
   size_t MaxHeapSize                              = 8568963072                                {product} {ergonomic}
   size_t MinHeapDeltaBytes                        = 4194304                                   {product} {ergonomic}
   size_t MinHeapSize                              = 8388608                                   {product} {ergonomic}
    uintx NonNMethodCodeHeapSize                   = 5839372                                {pd product} {ergonomic}
    uintx NonProfiledCodeHeapSize                  = 122909434                              {pd product} {ergonomic}
    uintx ProfiledCodeHeapSize                     = 122909434                              {pd product} {ergonomic}
    uintx ReservedCodeCacheSize                    = 251658240                              {pd product} {ergonomic}
     bool SegmentedCodeCache                       = true                                      {product} {ergonomic}
   size_t SoftMaxHeapSize                          = 8568963072                             {manageable} {ergonomic}
     bool UseCompressedClassPointers               = true                           {product lp64_product} {ergonomic}
     bool UseCompressedOops                        = true                           {product lp64_product} {ergonomic}
     bool UseG1GC                                  = true                                      {product} {ergonomic}
     bool UseLargePagesIndividualAllocation        = false                                  {pd product} {ergonomic}

Logging:
Log output configuration:
 #0: stdout all=warning uptime,level,tags foldmultilines=false
 #1: stderr all=off uptime,level,tags foldmultilines=false

Environment Variables:
PATH=C:\Program Files\NVIDIA GPU Computing Toolkit\CUDA\v12.1\bin;C:\Program Files\NVIDIA GPU Computing Toolkit\CUDA\v12.1\libnvvp;C:\Program Files\Common Files\Oracle\Java\javapath;C:\ProgramData\Oracle\Java\javapath;C:\WINDOWS\system32;C:\WINDOWS;C:\WINDOWS\System32\Wbem;C:\WINDOWS\System32\WindowsPowerShell\v1.0\;C:\WINDOWS\System32\OpenSSH\;C:\ProgramData\chocolatey\bin;C:\Program Files\dotnet\;C:\Program Files\Git\cmd;C:\Program Files\Git LFS;C:\Program Files\nodejs\;C:\Program Files (x86)\NVIDIA Corporation\PhysX\Common;C:\Program Files\NVIDIA Corporation\NVIDIA NvDLISR;C:\Program Files\NVIDIA Corporation\Nsight Compute 2023.1.1\;C:\Users\apila\AppData\Local\Programs\Python\Python310\Scripts\;C:\Users\apila\AppData\Local\Programs\Python\Python310\;C:\Users\apila\AppData\Local\Microsoft\WindowsApps;C:\Users\apila\AppData\Local\GitHubDesktop\bin;C:\tools\dart-sdk\bin;C:\Users\apila\AppData\Roaming\Pub\Cache\bin;C:\Users\apila\AppData\Local\Android\Sdk\platform-tools;C:\Users\apila\AppData\Local\Pub\Cache\bin;C:\Users\apila\AppData\Roaming\npm;C:\Program Files\Java\jdk-19\bin;C:\msys64\mingw64\bin;C:\cudnn-windows\bin;C:\cudnn-windows\include;C:\cudnn-windows\lib\x64;C:\Users\apila\AppData\Local\Programs\Microsoft VS Code\bin;C:\flutter\bin;C:\flutter\bin\mingit\cmd
USERNAME=apila
OS=Windows_NT
PROCESSOR_IDENTIFIER=AMD64 Family 23 Model 113 Stepping 0, AuthenticAMD
TMP=C:\Users\apila\AppData\Local\Temp
TEMP=C:\Users\apila\AppData\Local\Temp



---------------  S Y S T E M  ---------------

OS:
 Windows 11 , 64 bit Build 22621 (10.0.22621.1635)
OS uptime: 0 days 0:27 hours

CPU: total 12 (initial active 12) (12 cores per cpu, 2 threads per core) family 23 model 113 stepping 0 microcode 0x0, cx8, cmov, fxsr, ht, mmx, 3dnowpref, sse, sse2, sse3, ssse3, sse4a, sse4.1, sse4.2, popcnt, lzcnt, tsc, tscinvbit, avx, avx2, aes, clmul, bmi1, bmi2, adx, sha, fma, vzeroupper, clflush, clflushopt, rdtscp, rdpid

Memory: 4k page, system-wide physical 32680M (14636M free)
TotalPageFile size 56605M (AvailPageFile size 234M)
current process WorkingSet (physical memory assigned to process): 11M, peak: 11M
current process commit charge ("private bytes"): 65M, peak: 577M

vm_info: Java HotSpot(TM) 64-Bit Server VM (19.0.1+10-21) for windows-amd64 JRE (19.0.1+10-21), built on 2022-09-14T12:45:06Z by "mach5one" with MS VC++ 17.1 (VS2022)

END.
